01/27/2024 21:53 | Hospital_Entrance | 0h 0m 11s
01/27/2024 21:55 | Hospital_Entrance | 0h 0m 10s
01/27/2024 21:55 | Hospital_Entrance | 0h 0m 7s
01/27/2024 22:00 | Hospital_Entrance | 0h 0m 9s
01/27/2024 22:02 | Hospital_Entrance | 0h 0m 8s
01/27/2024 22:46 | Hospital_Entrance | 0h 0m 30s
01/27/2024 22:49 | Hospital_Entrance | 0h 0m 28s
01/27/2024 22:51 | Hospital_Entrance | 0h 0m 27s
01/27/2024 22:51 | Hospital_Entrance | 0h 0m 27s
01/27/2024 22:53 | Hospital_Entrance | 0h 0m 25s
01/28/2024 01:03 | Hospital_Entrance | 0h 0m 27s
01/28/2024 02:02 | Hospital_Entrance | 0h 0m 36s
01/28/2024 02:43 | Hospital_Entrance | 0h 0m 33s
01/28/2024 02:45 | Hospital_Entrance | 0h 0m 33s
01/28/2024 03:06 | Hospital_Entrance | 0h 0m 33s
01/28/2024 03:06 | Hospital_Entrance | 0h 0m 30s
05/13/2024 01:31 | Title_Scene | 0h 0m 5s
05/13/2024 01:33 | Title_Scene | 0h 0m 2s
05/13/2024 01:33 | Title_Scene | 0h 0m 2s
05/16/2024 22:49 | Title_Scene | 0h 0m 11s
05/16/2024 22:58 | Title_Scene | 0h 0m 10s
05/16/2024 23:26 | Title_Scene | 0h 0m 12s
05/17/2024 02:18 | Title_Scene | 0h 0m 10s
05/17/2024 02:20 | Outside_Teahouse | 0h 0m 8s
05/17/2024 02:22 | Outside_Teahouse | 0h 0m 7s
05/17/2024 02:25 | Outside_Teahouse | 0h 0m 7s
05/17/2024 02:29 | Path_To_Teahouse | 0h 0m 5s
05/17/2024 02:29 | Path_To_Teahouse | 0h 0m 5s
05/17/2024 02:35 | Path_To_Teahouse | 0h 0m 5s
05/19/2024 18:59 | Outside_Teahouse | 0h 0m 8s
05/31/2024 22:18 | Teahouse_Staffroom | 0h 0m 7s
05/31/2024 22:19 | Teahouse_Staffroom | 0h 0m 6s
05/31/2024 22:23 | Teahouse_Staffroom | 0h 0m 20s
05/31/2024 22:25 | Teahouse_Staffroom | 0h 0m 19s
05/31/2024 22:30 | Teahouse_Staffroom | 0h 0m 20s
05/31/2024 22:31 | Teahouse_Staffroom | 0h 0m 20s
05/31/2024 22:34 | Teahouse_Staffroom | 0h 0m 20s
05/31/2024 22:35 | Teahouse_Staffroom | 0h 0m 21s
05/31/2024 22:37 | Teahouse_Staffroom | 0h 0m 22s
05/31/2024 22:39 | Teahouse_Staffroom | 0h 0m 19s
05/31/2024 22:57 | Teahouse_Staffroom | 0h 0m 18s
05/31/2024 22:58 | Teahouse_Staffroom | 0h 0m 19s
05/31/2024 22:59 | Teahouse_Staffroom | 0h 0m 18s
05/31/2024 23:02 | Teahouse_Staffroom | 0h 0m 19s
05/31/2024 23:05 | Teahouse_Staffroom | 0h 0m 19s
05/31/2024 23:08 | Teahouse_Staffroom | 0h 0m 18s
05/31/2024 23:09 | Teahouse_Staffroom | 0h 0m 18s
05/31/2024 23:11 | Outside_Teahouse_archive | 0h 0m 15s
05/31/2024 23:12 | Outside_Teahouse_archive | 0h 0m 12s
05/31/2024 23:12 | Outside_Teahouse_archive | 0h 0m 13s
05/31/2024 23:16 | New Scene | 0h 0m 2s
05/31/2024 23:19 | New Scene | 0h 0m 5s
05/31/2024 23:20 | New Scene | 0h 0m 5s
05/31/2024 23:20 | New Scene | 0h 0m 5s
05/31/2024 23:25 | Hospital_Entrance | 0h 0m 35s
05/31/2024 23:27 | New Scene | 0h 0m 5s
05/31/2024 23:29 | New Scene | 0h 0m 5s
06/01/2024 00:40 | Hospital_Entrance | 0h 0m 32s
06/01/2024 00:43 | New Scene | 0h 0m 5s
06/01/2024 00:46 | New Scene | 0h 0m 5s
06/01/2024 00:47 | New Scene | 0h 0m 6s
06/01/2024 00:58 | Path_To_Teahouse | 0h 0m 7s
06/01/2024 01:00 | Path_To_Teahouse | 0h 0m 4s
06/01/2024 01:00 | Path_To_Teahouse | 0h 0m 7s
06/01/2024 01:02 | Outside_Teahouse | 0h 0m 10s
06/01/2024 01:05 | Outside_Teahouse | 0h 0m 22s
06/01/2024 01:08 | Outside_Teahouse | 0h 0m 19s
06/01/2024 01:09 | Outside_Teahouse | 0h 0m 19s
06/01/2024 01:22 | Outside_Teahouse | 0h 0m 21s
06/01/2024 01:23 | Path_To_Teahouse | 0h 0m 7s
06/01/2024 01:41 | Teahouse_Staffroom | 0h 0m 24s
06/01/2024 01:41 | Teahouse_Staffroom | 0h 0m 27s
06/01/2024 01:52 | Teahouse_Staffroom | 0h 0m 20s
06/01/2024 01:58 | Teahouse_Staffroom | 0h 0m 10s
06/01/2024 01:59 | Teahouse_Staffroom | 0h 0m 18s
06/01/2024 02:00 | Teahouse_Staffroom | 0h 0m 17s
06/01/2024 02:04 | Teahouse_Staffroom | 0h 0m 17s
06/01/2024 02:06 | Teahouse_Staffroom | 0h 0m 16s
06/01/2024 12:19 | Teahouse_Staffroom | 0h 0m 17s
06/01/2024 12:20 | Teahouse_Staffroom | 0h 0m 16s
06/01/2024 13:04 | Teahouse_Staffroom | 0h 0m 17s
06/01/2024 13:05 | Teahouse_Staffroom | 0h 0m 16s
06/01/2024 13:06 | Teahouse_Staffroom | 0h 0m 17s
06/01/2024 13:08 | Teahouse_Staffroom | 0h 0m 16s
06/01/2024 13:09 | Teahouse_Staffroom | 0h 0m 18s
